0 info it worked if it ends with ok
1 verbose cli [ 'D:\\soft\\nodejs\\node.exe',
1 verbose cli   'D:\\soft\\nodejs\\node_modules\\npm\\bin\\npm-cli.js',
1 verbose cli   'run',
1 verbose cli   'dev' ]
2 info using npm@3.10.10
3 info using node@v6.9.5
4 verbose run-script [ 'predev', 'dev', 'postdev' ]
5 info lifecycle demo@1.0.0~predev: demo@1.0.0
6 silly lifecycle demo@1.0.0~predev: no script for predev, continuing
7 info lifecycle demo@1.0.0~dev: demo@1.0.0
8 verbose lifecycle demo@1.0.0~dev: unsafe-perm in lifecycle true
9 verbose lifecycle demo@1.0.0~dev: PATH: D:\soft\nodejs\node_modules\npm\bin\node-gyp-bin;D:\github\nodejs-playground\webpack\demo\node_modules\.bin;C:\Users\fangl\bin;C:\Program Files\Git\mingw64\bin;C:\Program Files\Git\usr\local\bin;C:\Program Files\Git\usr\bin;C:\Program Files\Git\usr\bin;C:\Program Files\Git\mingw64\bin;C:\Program Files\Git\usr\bin;C:\Users\fangl\bin;C:\ProgramData\Oracle\Java\javapath;C:\Program Files (x86)\Common Files\NetSarang;C:\Windows\system32;C:\Windows;C:\Windows\System32\Wbem;C:\Windows\System32\WindowsPowerShell\v1.0;C:\Program Files\Microsoft\Web Platform Installer;C:\Program Files (x86)\Microsoft ASP.NET\ASP.NET Web Pages\v1.0;C:\Program Files (x86)\Windows Kits\8.0\Windows Performance Toolkit;C:\Program Files\Microsoft SQL Server\110\Tools\Binn;C:\Program Files (x86)\Microsoft SQL Server\100\Tools\Binn;C:\Program Files\Microsoft SQL Server\100\Tools\Binn;C:\Program Files\Microsoft SQL Server\100\DTS\Binn;C:\Program Files (x86)\Microsoft SQL Server\100\Tools\Binn\VSShell\Common7\IDE;C:\Program Files (x86)\Microsoft Visual Studio 9.0\Common7\IDE\PrivateAssemblies;C:\Program Files (x86)\Microsoft SQL Server\100\DTS\Binn;C:\Program Files (x86)\Microsoft Team Foundation Server 2010 Power Tools;C:\Program Files (x86)\Microsoft Team Foundation Server 2010 Power Tools\Best Practices Analyzer;C:\Program Files (x86)\Microsoft SQL Server\80\Tools\Binn;C:\Program Files\Microsoft SQL Server\90\DTS\Binn;C:\Program Files\Microsoft SQL Server\90\Tools\binn;C:\Program Files (x86)\Microsoft SQL Server\90\Tools\binn;C:\Program Files (x86)\Microsoft SQL Server\90\DTS\Binn;C:\Program Files (x86)\Microsoft SQL Server\90\Tools\Binn\VSShell\Common7\IDE;C:\Program Files (x86)\Microsoft Visual Studio 8\Common7\IDE\PrivateAssemblies;D:\soft\Git\cmd;D:\soft\Git\bin;D:\soft\xampp\php;D:\soft\svn\bin;D:\php\vendor\mysoft\phpunit\phpunit-4.8.3;C:\Go\bin;C:\Program Files\WinRAR;C:\Program Files (x86)\NVIDIA Corporation\PhysX\Common;D:\soft\xampp\mysql\bin;C:\apache-maven-3.3.9\bin;C:\Program Files\Git\cmd;C:\ProgramData\ComposerSetup\bin;D:\soft\nodejs;C:\Users\fangl\.babun;D:\soft\Docker Toolbox;C:\Users\fangl\AppData\Roaming\npm;C:\Program Files\Git\usr\bin\vendor_perl;C:\Program Files\Git\usr\bin\core_perl
10 verbose lifecycle demo@1.0.0~dev: CWD: D:\github\nodejs-playground\webpack\demo
11 silly lifecycle demo@1.0.0~dev: Args: [ '/d /s /c',
11 silly lifecycle   'cross-env NODE_ENV=dev webpack-dev-server --inline --hot --host 0.0.0.0' ]
12 silly lifecycle demo@1.0.0~dev: Returned: code: 1  signal: null
13 info lifecycle demo@1.0.0~dev: Failed to exec dev script
14 verbose stack Error: demo@1.0.0 dev: `cross-env NODE_ENV=dev webpack-dev-server --inline --hot --host 0.0.0.0`
14 verbose stack Exit status 1
14 verbose stack     at EventEmitter.<anonymous> (D:\soft\nodejs\node_modules\npm\lib\utils\lifecycle.js:255:16)
14 verbose stack     at emitTwo (events.js:106:13)
14 verbose stack     at EventEmitter.emit (events.js:191:7)
14 verbose stack     at ChildProcess.<anonymous> (D:\soft\nodejs\node_modules\npm\lib\utils\spawn.js:40:14)
14 verbose stack     at emitTwo (events.js:106:13)
14 verbose stack     at ChildProcess.emit (events.js:191:7)
14 verbose stack     at maybeClose (internal/child_process.js:877:16)
14 verbose stack     at Process.ChildProcess._handle.onexit (internal/child_process.js:226:5)
15 verbose pkgid demo@1.0.0
16 verbose cwd D:\github\nodejs-playground\webpack\demo
17 error Windows_NT 6.1.7601
18 error argv "D:\\soft\\nodejs\\node.exe" "D:\\soft\\nodejs\\node_modules\\npm\\bin\\npm-cli.js" "run" "dev"
19 error node v6.9.5
20 error npm  v3.10.10
21 error code ELIFECYCLE
22 error demo@1.0.0 dev: `cross-env NODE_ENV=dev webpack-dev-server --inline --hot --host 0.0.0.0`
22 error Exit status 1
23 error Failed at the demo@1.0.0 dev script 'cross-env NODE_ENV=dev webpack-dev-server --inline --hot --host 0.0.0.0'.
23 error Make sure you have the latest version of node.js and npm installed.
23 error If you do, this is most likely a problem with the demo package,
23 error not with npm itself.
23 error Tell the author that this fails on your system:
23 error     cross-env NODE_ENV=dev webpack-dev-server --inline --hot --host 0.0.0.0
23 error You can get information on how to open an issue for this project with:
23 error     npm bugs demo
23 error Or if that isn't available, you can get their info via:
23 error     npm owner ls demo
23 error There is likely additional logging output above.
24 verbose exit [ 1, true ]
